<?xml version="1.0" encoding="UTF-8"?>
<!-- Generated by org.testng.reporters.JUnitXMLReporter -->
<testsuite ignored="0" hostname="DESKTOP-ETBT7MC" failures="1" tests="1" name="Testbrowser" time="0.059" errors="0" timestamp="2025-05-06T19:07:55 IST">
  <testcase classname="pack1.Class_55_testCase_Parallel" name="logintoamazon" time="0.0">
    <failure type="org.testng.TestNGException" message="
Parameter &amp;apos;browser&amp;apos; is required by @Test on method logintoamazon but has not been marked @Optional or defined
in C:\Users\sai\MKT-Java-Training\Mavenclassproject\testng.xml">
      <![CDATA[org.testng.TestNGException: 
Parameter 'browser' is required by @Test on method logintoamazon but has not been marked @Optional or defined
in C:\Users\sai\MKT-Java-Training\Mavenclassproject\testng.xml
at java.base/java.util.ArrayList.forEach(ArrayList.java:1596)
... Removed 26 stack frames]]>
    </failure>
  </testcase> <!-- logintoamazon -->
</testsuite> <!-- Testbrowser -->
