<?xml version="1.0" encoding="UTF-8"?>
<!-- Generated by org.testng.reporters.JUnitXMLReporter -->
<testsuite ignored="8" hostname="DESKTOP-ETBT7MC" failures="2" tests="5" name="Test" time="286.093" errors="0" timestamp="2025-06-13T20:12:58 IST">
  <testcase classname="Amazon_TestCases.TC5_Login_brokenlinks" name="Login_brokenlinks" time="80.11"/>
  <testcase classname="Amazon_TestCases.TC1_Login_To_Amazon" name="Amazonlogin" time="27.099"/>
  <testcase classname="Amazon_TestCases.TC2_Login_Search_Addtowishlist" name="Amazonlogin" time="36.826">
    <failure type="org.openqa.selenium.NoSuchElementException" message="no such element: Unable to locate element: {&amp;quot;method&amp;quot;:&amp;quot;css selector&amp;quot;,&amp;quot;selector&amp;quot;:&amp;quot;#twotabsearchtextbox&amp;quot;}
  (Session info: MicrosoftEdge=136.0.3240.76)
For documentation on this error, please visit: https://www.selenium.dev/documentation/webdriver/troubleshooting/errors#no-such-element-exception
Build info: version: &amp;apos;4.31.0&amp;apos;, revision: &amp;apos;1ef9f18787*&amp;apos;
System info: os.name: &amp;apos;Windows 11&amp;apos;, os.arch: &amp;apos;amd64&amp;apos;, os.version: &amp;apos;10.0&amp;apos;, java.version: &amp;apos;21.0.6&amp;apos;
Driver info: org.openqa.selenium.edge.EdgeDriver
Command: [fe71b1ad69d320b3e64256466b7c14e6, findElement {using=id, value=twotabsearchtextbox}]
Capabilities {acceptInsecureCerts: false, browserName: MicrosoftEdge, browserVersion: 136.0.3240.76, fedcm:accounts: true, ms:edgeOptions: {debuggerAddress: localhost:54023}, msedge: {msedgedriverVersion: 136.0.3240.124 (4ca550d7875..., userDataDir: C:\Users\sai\AppData\Local\...}, networkConnectionEnabled: false, pageLoadStrategy: normal, platformName: windows, proxy: Proxy(), se:cdp: ws://localhost:54023/devtoo..., se:cdpVersion: 136.0.3240.76, setWindowRect: true, strictFileInteractability: false, timeouts: {implicit: 0, pageLoad: 300000, script: 30000}, unhandledPromptBehavior: dismiss and notify, webauthn:extension:credBlob: true, webauthn:extension:largeBlob: true, webauthn:extension:minPinLength: true, webauthn:extension:prf: true, webauthn:virtualAuthenticators: true}
Session ID: fe71b1ad69d320b3e64256466b7c14e6">
      <![CDATA[org.openqa.selenium.NoSuchElementException: no such element: Unable to locate element: {"method":"css selector","selector":"#twotabsearchtextbox"}
  (Session info: MicrosoftEdge=136.0.3240.76)
For documentation on this error, please visit: https://www.selenium.dev/documentation/webdriver/troubleshooting/errors#no-such-element-exception
Build info: version: '4.31.0', revision: '1ef9f18787*'
System info: os.name: 'Windows 11', os.arch: 'amd64', os.version: '10.0', java.version: '21.0.6'
Driver info: org.openqa.selenium.edge.EdgeDriver
Command: [fe71b1ad69d320b3e64256466b7c14e6, findElement {using=id, value=twotabsearchtextbox}]
Capabilities {acceptInsecureCerts: false, browserName: MicrosoftEdge, browserVersion: 136.0.3240.76, fedcm:accounts: true, ms:edgeOptions: {debuggerAddress: localhost:54023}, msedge: {msedgedriverVersion: 136.0.3240.124 (4ca550d7875..., userDataDir: C:\Users\sai\AppData\Local\...}, networkConnectionEnabled: false, pageLoadStrategy: normal, platformName: windows, proxy: Proxy(), se:cdp: ws://localhost:54023/devtoo..., se:cdpVersion: 136.0.3240.76, setWindowRect: true, strictFileInteractability: false, timeouts: {implicit: 0, pageLoad: 300000, script: 30000}, unhandledPromptBehavior: dismiss and notify, webauthn:extension:credBlob: true, webauthn:extension:largeBlob: true, webauthn:extension:minPinLength: true, webauthn:extension:prf: true, webauthn:virtualAuthenticators: true}
Session ID: fe71b1ad69d320b3e64256466b7c14e6
at org.openqa.selenium.remote.ErrorCodec.decode(ErrorCodec.java:167)
at org.openqa.selenium.remote.codec.w3c.W3CHttpResponseCodec.decode(W3CHttpResponseCodec.java:138)
at org.openqa.selenium.remote.codec.w3c.W3CHttpResponseCodec.decode(W3CHttpResponseCodec.java:50)
at org.openqa.selenium.remote.HttpCommandExecutor.execute(HttpCommandExecutor.java:215)
at org.openqa.selenium.remote.service.DriverCommandExecutor.invokeExecute(DriverCommandExecutor.java:216)
at org.openqa.selenium.remote.service.DriverCommandExecutor.execute(DriverCommandExecutor.java:174)
at org.openqa.selenium.remote.RemoteWebDriver.execute(RemoteWebDriver.java:545)
at org.openqa.selenium.remote.ElementLocation$ElementFinder$2.findElement(ElementLocation.java:165)
at org.openqa.selenium.remote.ElementLocation.findElement(ElementLocation.java:59)
at org.openqa.selenium.remote.RemoteWebDriver.findElement(RemoteWebDriver.java:368)
at org.openqa.selenium.remote.RemoteWebDriver.findElement(RemoteWebDriver.java:362)
at org.openqa.selenium.support.pagefactory.DefaultElementLocator.findElement(DefaultElementLocator.java:68)
at org.openqa.selenium.support.pagefactory.internal.LocatingElementHandler.invoke(LocatingElementHandler.java:38)
at jdk.proxy2/jdk.proxy2.$Proxy13.sendKeys(Unknown Source)
at AMAZON_Source.Amazon_Homepage.search(Amazon_Homepage.java:123)
at Amazon_TestCases.TC2_Login_Search_Addtowishlist.Amazonlogin(TC2_Login_Search_Addtowishlist.java:27)
at java.base/java.util.ArrayList.forEach(ArrayList.java:1596)
... Removed 32 stack frames]]>
    </failure>
  </testcase> <!-- Amazonlogin -->
  <testcase classname="Amazon_TestCases.TC3_Login_Search_Addtocart" name="Amazonlogin" time="36.342">
    <failure type="org.openqa.selenium.NoSuchElementException" message="no such element: Unable to locate element: {&amp;quot;method&amp;quot;:&amp;quot;css selector&amp;quot;,&amp;quot;selector&amp;quot;:&amp;quot;#twotabsearchtextbox&amp;quot;}
  (Session info: MicrosoftEdge=136.0.3240.76)
For documentation on this error, please visit: https://www.selenium.dev/documentation/webdriver/troubleshooting/errors#no-such-element-exception
Build info: version: &amp;apos;4.31.0&amp;apos;, revision: &amp;apos;1ef9f18787*&amp;apos;
System info: os.name: &amp;apos;Windows 11&amp;apos;, os.arch: &amp;apos;amd64&amp;apos;, os.version: &amp;apos;10.0&amp;apos;, java.version: &amp;apos;21.0.6&amp;apos;
Driver info: org.openqa.selenium.edge.EdgeDriver
Command: [bc982ff36bd399c0bc0d99f0dcce76d1, findElement {using=id, value=twotabsearchtextbox}]
Capabilities {acceptInsecureCerts: false, browserName: MicrosoftEdge, browserVersion: 136.0.3240.76, fedcm:accounts: true, ms:edgeOptions: {debuggerAddress: localhost:54394}, msedge: {msedgedriverVersion: 136.0.3240.124 (4ca550d7875..., userDataDir: C:\Users\sai\AppData\Local\...}, networkConnectionEnabled: false, pageLoadStrategy: normal, platformName: windows, proxy: Proxy(), se:cdp: ws://localhost:54394/devtoo..., se:cdpVersion: 136.0.3240.76, setWindowRect: true, strictFileInteractability: false, timeouts: {implicit: 0, pageLoad: 300000, script: 30000}, unhandledPromptBehavior: dismiss and notify, webauthn:extension:credBlob: true, webauthn:extension:largeBlob: true, webauthn:extension:minPinLength: true, webauthn:extension:prf: true, webauthn:virtualAuthenticators: true}
Session ID: bc982ff36bd399c0bc0d99f0dcce76d1">
      <![CDATA[org.openqa.selenium.NoSuchElementException: no such element: Unable to locate element: {"method":"css selector","selector":"#twotabsearchtextbox"}
  (Session info: MicrosoftEdge=136.0.3240.76)
For documentation on this error, please visit: https://www.selenium.dev/documentation/webdriver/troubleshooting/errors#no-such-element-exception
Build info: version: '4.31.0', revision: '1ef9f18787*'
System info: os.name: 'Windows 11', os.arch: 'amd64', os.version: '10.0', java.version: '21.0.6'
Driver info: org.openqa.selenium.edge.EdgeDriver
Command: [bc982ff36bd399c0bc0d99f0dcce76d1, findElement {using=id, value=twotabsearchtextbox}]
Capabilities {acceptInsecureCerts: false, browserName: MicrosoftEdge, browserVersion: 136.0.3240.76, fedcm:accounts: true, ms:edgeOptions: {debuggerAddress: localhost:54394}, msedge: {msedgedriverVersion: 136.0.3240.124 (4ca550d7875..., userDataDir: C:\Users\sai\AppData\Local\...}, networkConnectionEnabled: false, pageLoadStrategy: normal, platformName: windows, proxy: Proxy(), se:cdp: ws://localhost:54394/devtoo..., se:cdpVersion: 136.0.3240.76, setWindowRect: true, strictFileInteractability: false, timeouts: {implicit: 0, pageLoad: 300000, script: 30000}, unhandledPromptBehavior: dismiss and notify, webauthn:extension:credBlob: true, webauthn:extension:largeBlob: true, webauthn:extension:minPinLength: true, webauthn:extension:prf: true, webauthn:virtualAuthenticators: true}
Session ID: bc982ff36bd399c0bc0d99f0dcce76d1
at org.openqa.selenium.remote.ErrorCodec.decode(ErrorCodec.java:167)
at org.openqa.selenium.remote.codec.w3c.W3CHttpResponseCodec.decode(W3CHttpResponseCodec.java:138)
at org.openqa.selenium.remote.codec.w3c.W3CHttpResponseCodec.decode(W3CHttpResponseCodec.java:50)
at org.openqa.selenium.remote.HttpCommandExecutor.execute(HttpCommandExecutor.java:215)
at org.openqa.selenium.remote.service.DriverCommandExecutor.invokeExecute(DriverCommandExecutor.java:216)
at org.openqa.selenium.remote.service.DriverCommandExecutor.execute(DriverCommandExecutor.java:174)
at org.openqa.selenium.remote.RemoteWebDriver.execute(RemoteWebDriver.java:545)
at org.openqa.selenium.remote.ElementLocation$ElementFinder$2.findElement(ElementLocation.java:165)
at org.openqa.selenium.remote.ElementLocation.findElement(ElementLocation.java:59)
at org.openqa.selenium.remote.RemoteWebDriver.findElement(RemoteWebDriver.java:368)
at org.openqa.selenium.remote.RemoteWebDriver.findElement(RemoteWebDriver.java:362)
at org.openqa.selenium.support.pagefactory.DefaultElementLocator.findElement(DefaultElementLocator.java:68)
at org.openqa.selenium.support.pagefactory.internal.LocatingElementHandler.invoke(LocatingElementHandler.java:38)
at jdk.proxy2/jdk.proxy2.$Proxy13.sendKeys(Unknown Source)
at AMAZON_Source.Amazon_Homepage.search(Amazon_Homepage.java:123)
at Amazon_TestCases.TC3_Login_Search_Addtocart.Amazonlogin(TC3_Login_Search_Addtocart.java:26)
at java.base/java.util.ArrayList.forEach(ArrayList.java:1596)
... Removed 32 stack frames]]>
    </failure>
  </testcase> <!-- Amazonlogin -->
  <testcase classname="Amazon_TestCases.TC4_Login_Addnewaddress" name="Login_addnewaddress" time="37.3"/>
  <testcase classname="Amazon_TestCases.BaseClass" name="@AfterSuite extentAdter" time="0.0">
    <ignored/>
  </testcase> <!-- @AfterSuite extentAdter -->
  <testcase classname="Amazon_TestCases.BaseClass" name="@BeforeSuite extent" time="0.0">
    <ignored/>
  </testcase> <!-- @BeforeSuite extent -->
  <testcase classname="Amazon_TestCases.BaseClass" name="@BeforeSuite extent" time="0.0">
    <ignored/>
  </testcase> <!-- @BeforeSuite extent -->
  <testcase classname="Amazon_TestCases.BaseClass" name="@AfterSuite extentAdter" time="0.0">
    <ignored/>
  </testcase> <!-- @AfterSuite extentAdter -->
  <testcase classname="Amazon_TestCases.BaseClass" name="@BeforeSuite extent" time="0.0">
    <ignored/>
  </testcase> <!-- @BeforeSuite extent -->
  <testcase classname="Amazon_TestCases.BaseClass" name="@BeforeSuite extent" time="0.0">
    <ignored/>
  </testcase> <!-- @BeforeSuite extent -->
  <testcase classname="Amazon_TestCases.BaseClass" name="@AfterSuite extentAdter" time="0.0">
    <ignored/>
  </testcase> <!-- @AfterSuite extentAdter -->
  <testcase classname="Amazon_TestCases.BaseClass" name="@AfterSuite extentAdter" time="0.0">
    <ignored/>
  </testcase> <!-- @AfterSuite extentAdter -->
</testsuite> <!-- Test -->
