<?xml version="1.0" encoding="UTF-8"?>
<!-- Generated by org.testng.reporters.JUnitReportReporter -->
<testsuite hostname="DESKTOP-ETBT7MC" failures="0" tests="2" name="TestNg_Assignments.Assigb_165_Dependson_method" time="0.147" errors="1" timestamp="2025-05-20T18:22:07 IST" skipped="1">
  <testcase classname="TestNg_Assignments.Assigb_165_Dependson_method" name="LogintoAmzon2" time="0.000">
    <skipped/>
  </testcase> <!-- LogintoAmzon2 -->
  <testcase classname="TestNg_Assignments.Assigb_165_Dependson_method" name="LogintoAmzon" time="0.147">
    <error message="Method TestNg_Assignments.Assigb_165_Dependson_method.LogintoAmzon() didn&#039;t finish within the time-out 100" type="org.testng.internal.thread.ThreadTimeoutException">
      <![CDATA[org.testng.internal.thread.ThreadTimeoutException: Method TestNg_Assignments.Assigb_165_Dependson_method.LogintoAmzon() didn't finish within the time-out 100
at java.base/java.lang.StringConcatHelper.newArray(StringConcatHelper.java:511)
at java.base/java.lang.StringConcatHelper.simpleConcat(StringConcatHelper.java:435)
at java.base/java.lang.String.concat(String.java:2899)
at java.base/java.net.URLStreamHandler.parseURL(URLStreamHandler.java:270)
at java.base/sun.net.www.protocol.file.Handler.parseURL(Handler.java:56)
at java.base/java.net.URL.<init>(URL.java:801)
at java.base/java.net.URL.<init>(URL.java:654)
at java.base/jdk.internal.loader.URLClassPath$FileLoader.getResource(URLClassPath.java:1091)
at java.base/jdk.internal.loader.URLClassPath.getResource(URLClassPath.java:316)
at java.base/jdk.internal.loader.BuiltinClassLoader.findClassOnClassPathOrNull(BuiltinClassLoader.java:757)
at java.base/jdk.internal.loader.BuiltinClassLoader.loadClassOrNull(BuiltinClassLoader.java:681)
at java.base/jdk.internal.loader.BuiltinClassLoader.loadClass(BuiltinClassLoader.java:639)
at java.base/jdk.internal.loader.ClassLoaders$AppClassLoader.loadClass(ClassLoaders.java:188)
at java.base/java.lang.ClassLoader.loadClass(ClassLoader.java:526)
at org.openqa.selenium.MutableCapabilities.setCapability(MutableCapabilities.java:85)
at org.openqa.selenium.MutableCapabilities.setCapability(MutableCapabilities.java:77)
at org.openqa.selenium.chromium.ChromiumOptions.<init>(ChromiumOptions.java:69)
at org.openqa.selenium.edge.EdgeOptions.<init>(EdgeOptions.java:55)
at org.openqa.selenium.edge.EdgeDriver.<init>(EdgeDriver.java:44)
at TestNg_Assignments.Assigb_165_Dependson_method.LogintoAmzon(Assigb_165_Dependson_method.java:11)
at java.base/jdk.internal.reflect.DirectMethodHandleAccessor.invoke(DirectMethodHandleAccessor.java:103)
at java.base/java.lang.reflect.Method.invoke(Method.java:580)
at org.testng.internal.invokers.MethodInvocationHelper.invokeMethod(MethodInvocationHelper.java:141)
at org.testng.internal.invokers.InvokeMethodRunnable.runOne(InvokeMethodRunnable.java:47)
at org.testng.internal.invokers.InvokeMethodRunnable.call(InvokeMethodRunnable.java:76)
at org.testng.internal.invokers.InvokeMethodRunnable.call(InvokeMethodRunnable.java:11)
at java.base/java.util.concurrent.FutureTask.run(FutureTask.java:317)
at java.base/java.util.concurrent.ThreadPoolExecutor.runWorker(ThreadPoolExecutor.java:1144)
at java.base/java.util.concurrent.ThreadPoolExecutor$Worker.run(ThreadPoolExecutor.java:642)
at java.base/java.lang.Thread.run(Thread.java:1583)
]]>
    </error>
  </testcase> <!-- LogintoAmzon -->
</testsuite> <!-- TestNg_Assignments.Assigb_165_Dependson_method -->
