<?xml version="1.0" encoding="UTF-8"?>
<!-- Generated by org.testng.reporters.JUnitReportReporter -->
<testsuite hostname="DESKTOP-ETBT7MC" failures="0" tests="2" name="pack1.class_56_dependencytestcase" time="0.126" errors="1" timestamp="2025-05-07T19:29:58 IST" skipped="1">
  <testcase classname="pack1.class_56_dependencytestcase" name="LogintoAmzon" time="0.126">
    <error message="Method pack1.class_56_dependencytestcase.LogintoAmzon() didn&#039;t finish within the time-out 100" type="org.testng.internal.thread.ThreadTimeoutException">
      <![CDATA[org.testng.internal.thread.ThreadTimeoutException: Method pack1.class_56_dependencytestcase.LogintoAmzon() didn't finish within the time-out 100
at java.base/java.io.WinNTFileSystem.getBooleanAttributes0(Native Method)
at java.base/java.io.WinNTFileSystem.getBooleanAttributes(WinNTFileSystem.java:479)
at java.base/java.io.FileSystem.hasBooleanAttributes(FileSystem.java:125)
at java.base/java.io.File.exists(File.java:836)
at java.base/jdk.internal.loader.URLClassPath$FileLoader.getResource(URLClassPath.java:1113)
at java.base/jdk.internal.loader.URLClassPath.getResource(URLClassPath.java:316)
at java.base/jdk.internal.loader.BuiltinClassLoader.findClassOnClassPathOrNull(BuiltinClassLoader.java:757)
at java.base/jdk.internal.loader.BuiltinClassLoader.loadClassOrNull(BuiltinClassLoader.java:681)
at java.base/jdk.internal.loader.BuiltinClassLoader.loadClass(BuiltinClassLoader.java:639)
at java.base/jdk.internal.loader.ClassLoaders$AppClassLoader.loadClass(ClassLoaders.java:188)
at java.base/java.lang.ClassLoader.loadClass(ClassLoader.java:526)
at org.openqa.selenium.edge.EdgeDriver.generateExecutor(EdgeDriver.java:70)
at org.openqa.selenium.edge.EdgeDriver.<init>(EdgeDriver.java:60)
at org.openqa.selenium.edge.EdgeDriver.<init>(EdgeDriver.java:56)
at org.openqa.selenium.edge.EdgeDriver.<init>(EdgeDriver.java:48)
at org.openqa.selenium.edge.EdgeDriver.<init>(EdgeDriver.java:44)
at pack1.class_56_dependencytestcase.LogintoAmzon(class_56_dependencytestcase.java:10)
at java.base/jdk.internal.reflect.DirectMethodHandleAccessor.invoke(DirectMethodHandleAccessor.java:103)
at java.base/java.lang.reflect.Method.invoke(Method.java:580)
at org.testng.internal.invokers.MethodInvocationHelper.invokeMethod(MethodInvocationHelper.java:141)
at org.testng.internal.invokers.InvokeMethodRunnable.runOne(InvokeMethodRunnable.java:47)
at org.testng.internal.invokers.InvokeMethodRunnable.call(InvokeMethodRunnable.java:76)
at org.testng.internal.invokers.InvokeMethodRunnable.call(InvokeMethodRunnable.java:11)
at java.base/java.util.concurrent.FutureTask.run(FutureTask.java:317)
at java.base/java.util.concurrent.ThreadPoolExecutor.runWorker(ThreadPoolExecutor.java:1144)
at java.base/java.util.concurrent.ThreadPoolExecutor$Worker.run(ThreadPoolExecutor.java:642)
at java.base/java.lang.Thread.run(Thread.java:1583)
]]>
    </error>
  </testcase> <!-- LogintoAmzon -->
  <testcase classname="pack1.class_56_dependencytestcase" name="testcase5" time="0.000">
    <skipped/>
  </testcase> <!-- testcase5 -->
</testsuite> <!-- pack1.class_56_dependencytestcase -->
